<?xml version="1.0" encoding="UTF-8"?>
<!-- Generated by org.testng.reporters.JUnitXMLReporter -->
<testsuite ignored="0" hostname="DESKTOP-FSJVB1G" failures="0" tests="2" name="Default test" time="23.319" errors="0" timestamp="2026-04-05T12:53:11 IST">
  <testcase classname="RahulShetty.SeleniumFrameworkDesign_R.SubmitOrderTest4" name="submitOrder" time="7.218"/>
  <testcase classname="RahulShetty.SeleniumFrameworkDesign_R.SubmitOrderTest4" name="submitOrder" time="7.032"/>
</testsuite> <!-- Default test -->
