<?xml version="1.0" encoding="UTF-8"?>
<!-- Generated by org.testng.reporters.JUnitXMLReporter -->
<testsuite ignored="0" hostname="DESKTOP-FSJVB1G" failures="0" tests="2" name="ErrorValidation Test" time="20.358" errors="0" timestamp="2026-04-03T19:41:20 IST">
  <testcase classname="RahulShetty.SeleniumFrameworkDesign_R.ErrorValidationsTest" name="LoginErrorValidation" time="1.245"/>
  <testcase classname="RahulShetty.SeleniumFrameworkDesign_R.ErrorValidationsTest" name="ProductErrorValidation" time="5.683"/>
</testsuite> <!-- ErrorValidation Test -->
