<?xml version="1.0" encoding="UTF-8"?>
<!-- Generated by org.testng.reporters.JUnitXMLReporter -->
<testsuite ignored="0" hostname="DESKTOP-FSJVB1G" failures="0" tests="2" name="ErrorValidation Test" time="16.563" errors="0" timestamp="2026-04-03T23:08:23 IST">
  <testcase classname="RahulShetty.SeleniumFrameworkDesign_R.ErrorValidationsTest" name="LoginErrorValidation" time="0.981"/>
  <testcase classname="RahulShetty.SeleniumFrameworkDesign_R.ErrorValidationsTest" name="ProductErrorValidation" time="5.049"/>
</testsuite> <!-- ErrorValidation Test -->
