<?xml version="1.0" encoding="UTF-8"?>
<!-- Generated by org.testng.reporters.JUnitXMLReporter -->
<testsuite ignored="0" hostname="DESKTOP-FSJVB1G" failures="0" tests="2" name="Submit Order Test" time="61.299" errors="0" timestamp="2026-04-03T15:14:51 IST">
  <testcase classname="RahulShetty.SeleniumFrameworkDesign_R.SubmitOrderTest" name="SubmitOrder" time="16.207"/>
  <testcase classname="RahulShetty.SeleniumFrameworkDesign_R.SubmitOrderTest" name="OrderHistoryTest" time="1.883"/>
</testsuite> <!-- Submit Order Test -->
