<?xml version="1.0" encoding="UTF-8"?>
<testng-results ignored="0" total="4" passed="2" failed="1" skipped="1">
  <reporter-output>
  </reporter-output>
  <suite started-at="2026-04-03T23:08:07 IST" name="Suite" finished-at="2026-04-03T23:08:23 IST" duration-ms="16563">
    <groups>
      <group name="ErrroHandling">
        <method signature="ErrorValidationsTest.LoginErrorValidation()[pri:0, instance:RahulShetty.SeleniumFrameworkDesign_R.ErrorValidationsTest@9816741]" name="LoginErrorValidation" class="RahulShetty.SeleniumFrameworkDesign_R.ErrorValidationsTest"/>
      </group> <!-- ErrroHandling -->
    </groups>
    <test started-at="2026-04-03T23:08:07 IST" name="Submit Order Test" finished-at="2026-04-03T23:08:19 IST" duration-ms="12222">
      <class name="RahulShetty.SeleniumFrameworkDesign_R.SubmitOrderTest">
        <test-method is-config="true" signature="launchApplication()[pri:0, instance:RahulShetty.SeleniumFrameworkDesign_R.SubmitOrderTest@7bd7d6d6]" started-at="2026-04-03T23:08:07 IST" name="launchApplication" finished-at="2026-04-03T23:08:13 IST" duration-ms="6333" status="PASS">
          <reporter-output>
          </reporter-output>
        </test-method> <!-- launchApplication -->
        <test-method signature="SubmitOrder()[pri:0, instance:RahulShetty.SeleniumFrameworkDesign_R.SubmitOrderTest@7bd7d6d6]" started-at="2026-04-03T23:08:13 IST" name="SubmitOrder" finished-at="2026-04-03T23:08:18 IST" duration-ms="5166" status="FAIL">
          <exception class="java.lang.AssertionError">
            <message>
              <![CDATA[FAIL: The product 'IPHONE 13 PRO' was NOT found in the cart list. expected [true] but found [false]]]>
            </message>
            <full-stacktrace>
              <![CDATA[java.lang.AssertionError: FAIL: The product 'IPHONE 13 PRO' was NOT found in the cart list. expected [true] but found [false]
at org.testng.Assert.fail(Assert.java:111)
at org.testng.Assert.failNotEquals(Assert.java:1590)
at org.testng.Assert.assertTrue(Assert.java:57)
at RahulShetty.SeleniumFrameworkDesign_R.SubmitOrderTest.SubmitOrder(SubmitOrderTest.java:42)
at java.base/jdk.internal.reflect.DirectMethodHandleAccessor.invoke(DirectMethodHandleAccessor.java:103)
at java.base/java.lang.reflect.Method.invoke(Method.java:580)
at org.testng.internal.invokers.MethodInvocationHelper.invokeMethod(MethodInvocationHelper.java:141)
at org.testng.internal.invokers.TestInvoker.invokeMethod(TestInvoker.java:687)
at org.testng.internal.invokers.TestInvoker.invokeTestMethod(TestInvoker.java:230)
at org.testng.internal.invokers.MethodRunner.runInSequence(MethodRunner.java:63)
at org.testng.internal.invokers.TestInvoker$MethodInvocationAgent.invoke(TestInvoker.java:995)
at org.testng.internal.invokers.TestInvoker.invokeTestMethods(TestInvoker.java:203)
at org.testng.internal.invokers.TestMethodWorker.invokeTestMethods(TestMethodWorker.java:154)
at org.testng.internal.invokers.TestMethodWorker.run(TestMethodWorker.java:134)
at java.base/java.util.ArrayList.forEach(ArrayList.java:1596)
at org.testng.TestRunner.privateRun(TestRunner.java:741)
at org.testng.TestRunner.run(TestRunner.java:616)
at org.testng.SuiteRunner.runTest(SuiteRunner.java:421)
at org.testng.SuiteRunner$SuiteWorker.run(SuiteRunner.java:463)
at org.testng.internal.thread.ThreadUtil.lambda$execute$0(ThreadUtil.java:64)
at java.base/java.util.concurrent.FutureTask.run(FutureTask.java:317)
at java.base/java.util.concurrent.ThreadPoolExecutor.runWorker(ThreadPoolExecutor.java:1144)
at java.base/java.util.concurrent.ThreadPoolExecutor$Worker.run(ThreadPoolExecutor.java:642)
at java.base/java.lang.Thread.run(Thread.java:1583)
]]>
            </full-stacktrace>
          </exception> <!-- java.lang.AssertionError -->
          <reporter-output>
          </reporter-output>
        </test-method> <!-- SubmitOrder -->
        <test-method is-config="true" signature="tearDown()[pri:0, instance:RahulShetty.SeleniumFrameworkDesign_R.SubmitOrderTest@7bd7d6d6]" started-at="2026-04-03T23:08:19 IST" name="tearDown" finished-at="2026-04-03T23:08:19 IST" duration-ms="305" status="PASS">
          <reporter-output>
          </reporter-output>
        </test-method> <!-- tearDown -->
        <test-method signature="OrderHistoryTest()[pri:0, instance:RahulShetty.SeleniumFrameworkDesign_R.SubmitOrderTest@7bd7d6d6]" started-at="2026-04-03T23:08:19 IST" name="OrderHistoryTest" finished-at="2026-04-03T23:08:19 IST" depends-on-methods="RahulShetty.SeleniumFrameworkDesign_R.SubmitOrderTest.SubmitOrder" duration-ms="0" status="SKIP">
          <exception class="java.lang.Throwable">
            <message>
              <![CDATA[Method RahulShetty.SeleniumFrameworkDesign_R.SubmitOrderTest.OrderHistoryTest() on instance RahulShetty.SeleniumFrameworkDesign_R.SubmitOrderTest@7bd7d6d6 depends on not successfully finished methods 
[RahulShetty.SeleniumFrameworkDesign_R.SubmitOrderTest.SubmitOrder() on instance RahulShetty.SeleniumFrameworkDesign_R.SubmitOrderTest@7bd7d6d6]]]>
            </message>
            <full-stacktrace>
              <![CDATA[java.lang.Throwable: Method RahulShetty.SeleniumFrameworkDesign_R.SubmitOrderTest.OrderHistoryTest() on instance RahulShetty.SeleniumFrameworkDesign_R.SubmitOrderTest@7bd7d6d6 depends on not successfully finished methods 
[RahulShetty.SeleniumFrameworkDesign_R.SubmitOrderTest.SubmitOrder() on instance RahulShetty.SeleniumFrameworkDesign_R.SubmitOrderTest@7bd7d6d6]
at org.testng.internal.invokers.TestInvoker.invokeTestMethods(TestInvoker.java:159)
at org.testng.internal.invokers.TestMethodWorker.invokeTestMethods(TestMethodWorker.java:154)
at org.testng.internal.invokers.TestMethodWorker.run(TestMethodWorker.java:134)
at java.base/java.util.ArrayList.forEach(ArrayList.java:1596)
at org.testng.TestRunner.privateRun(TestRunner.java:741)
at org.testng.TestRunner.run(TestRunner.java:616)
at org.testng.SuiteRunner.runTest(SuiteRunner.java:421)
at org.testng.SuiteRunner$SuiteWorker.run(SuiteRunner.java:463)
at org.testng.internal.thread.ThreadUtil.lambda$execute$0(ThreadUtil.java:64)
at java.base/java.util.concurrent.FutureTask.run(FutureTask.java:317)
at java.base/java.util.concurrent.ThreadPoolExecutor.runWorker(ThreadPoolExecutor.java:1144)
at java.base/java.util.concurrent.ThreadPoolExecutor$Worker.run(ThreadPoolExecutor.java:642)
at java.base/java.lang.Thread.run(Thread.java:1583)
]]>
            </full-stacktrace>
          </exception> <!-- java.lang.Throwable -->
          <reporter-output>
          </reporter-output>
        </test-method> <!-- OrderHistoryTest -->
      </class> <!-- RahulShetty.SeleniumFrameworkDesign_R.SubmitOrderTest -->
    </test> <!-- Submit Order Test -->
    <test started-at="2026-04-03T23:08:07 IST" name="ErrorValidation Test" finished-at="2026-04-03T23:08:23 IST" duration-ms="16563">
      <class name="RahulShetty.SeleniumFrameworkDesign_R.ErrorValidationsTest">
        <test-method is-config="true" signature="launchApplication()[pri:0, instance:RahulShetty.SeleniumFrameworkDesign_R.ErrorValidationsTest@9816741]" started-at="2026-04-03T23:08:07 IST" name="launchApplication" finished-at="2026-04-03T23:08:13 IST" duration-ms="5914" status="PASS">
          <reporter-output>
          </reporter-output>
        </test-method> <!-- launchApplication -->
        <test-method signature="LoginErrorValidation()[pri:0, instance:RahulShetty.SeleniumFrameworkDesign_R.ErrorValidationsTest@9816741]" started-at="2026-04-03T23:08:13 IST" name="LoginErrorValidation" finished-at="2026-04-03T23:08:14 IST" duration-ms="981" status="PASS">
          <reporter-output>
          </reporter-output>
        </test-method> <!-- LoginErrorValidation -->
        <test-method is-config="true" signature="tearDown()[pri:0, instance:RahulShetty.SeleniumFrameworkDesign_R.ErrorValidationsTest@9816741]" started-at="2026-04-03T23:08:14 IST" name="tearDown" finished-at="2026-04-03T23:08:14 IST" duration-ms="276" status="PASS">
          <reporter-output>
          </reporter-output>
        </test-method> <!-- tearDown -->
        <test-method is-config="true" signature="launchApplication()[pri:0, instance:RahulShetty.SeleniumFrameworkDesign_R.ErrorValidationsTest@9816741]" started-at="2026-04-03T23:08:14 IST" name="launchApplication" finished-at="2026-04-03T23:08:18 IST" duration-ms="3917" status="PASS">
          <reporter-output>
          </reporter-output>
        </test-method> <!-- launchApplication -->
        <test-method signature="ProductErrorValidation()[pri:0, instance:RahulShetty.SeleniumFrameworkDesign_R.ErrorValidationsTest@9816741]" started-at="2026-04-03T23:08:18 IST" name="ProductErrorValidation" finished-at="2026-04-03T23:08:23 IST" duration-ms="5049" status="PASS">
          <reporter-output>
          </reporter-output>
        </test-method> <!-- ProductErrorValidation -->
        <test-method is-config="true" signature="tearDown()[pri:0, instance:RahulShetty.SeleniumFrameworkDesign_R.ErrorValidationsTest@9816741]" started-at="2026-04-03T23:08:23 IST" name="tearDown" finished-at="2026-04-03T23:08:23 IST" duration-ms="375" status="PASS">
          <reporter-output>
          </reporter-output>
        </test-method> <!-- tearDown -->
      </class> <!-- RahulShetty.SeleniumFrameworkDesign_R.ErrorValidationsTest -->
    </test> <!-- ErrorValidation Test -->
  </suite> <!-- Suite -->
</testng-results>
