<?xml version="1.0" encoding="UTF-8"?>
<testsuite xmlns:xsi="http://www.w3.org/2001/XMLSchema-instance" xsi:noNamespaceSchemaLocation="https://maven.apache.org/surefire/maven-surefire-plugin/xsd/surefire-test-report.xsd" version="3.0.2" name="TestSuite" time="67.627" tests="5" errors="0" skipped="1" failures="0">
  <properties>
[...]
</properties>
  <testcase name="LoginErrorValidation" classname="RahulShetty.SeleniumFrameworkDesign_R.ErrorValidationsTest" time="0.0">
    <skipped message="Unable to locate element: [class*=&apos;flyInOut&apos;]&#10;For documentation on this error, please visit: https://www.selenium.dev/documentation/webdriver/troubleshooting/errors#nosuchelementexception&#10;Build info: version: &apos;4.41.0&apos;, revision: &apos;9fc754f&apos;&#10;System info: os.name: &apos;Windows 10&apos;, os.arch: &apos;amd64&apos;, os.version: &apos;10.0&apos;, java.version: &apos;21.0.9&apos;&#10;Driver info: org.openqa.selenium.firefox.FirefoxDriver&#10;Command: [0ba97e68-3762-409a-845a-98942e6ecbb3, findElement {value=[class*=&apos;flyInOut&apos;], using=css selector}]&#10;Capabilities {acceptInsecureCerts: true, browserName: firefox, browserVersion: 148.0, moz:accessibilityChecks: false, moz:buildID: 20260216153405, moz:geckodriverVersion: 0.36.0, moz:headless: false, moz:platformVersion: 10.0, moz:processID: 28656, moz:profile: C:\Windows\SystemTemp\rust_..., moz:shutdownTimeout: 60000, moz:webdriverClick: true, moz:windowless: false, pageLoadStrategy: normal, platformName: windows, proxy: Proxy(), setWindowRect: true, strictFileInteractability: false, timeouts: {implicit: 0, pageLoad: 300000, script: 30000}, unhandledPromptBehavior: dismiss and notify, userAgent: Mozilla/5.0 (Windows NT 10....}&#10;Session ID: 0ba97e68-3762-409a-845a-98942e6ecbb3"/>
    <system-err><![CDATA[SLF4J(W): No SLF4J providers were found.
SLF4J(W): Defaulting to no-operation (NOP) logger implementation
SLF4J(W): See https://www.slf4j.org/codes.html#noProviders for further details.
]]></system-err>
  </testcase>
  <testcase name="LoginErrorValidation" classname="RahulShetty.SeleniumFrameworkDesign_R.ErrorValidationsTest" time="0.728"/>
  <testcase name="ProductErrorValidation" classname="RahulShetty.SeleniumFrameworkDesign_R.ErrorValidationsTest" time="4.889"/>
  <testcase name="SubmitOrder" classname="RahulShetty.SeleniumFrameworkDesign_R.SubmitOrderTest" time="16.196"/>
  <testcase name="OrderHistoryTest" classname="RahulShetty.SeleniumFrameworkDesign_R.SubmitOrderTest" time="0.677"/>
</testsuite>