<?xml version="1.0" encoding="UTF-8"?>
<testsuite xmlns:xsi="http://www.w3.org/2001/XMLSchema-instance" xsi:noNamespaceSchemaLocation="https://maven.apache.org/surefire/maven-surefire-plugin/xsd/surefire-test-report.xsd" version="3.0.2" name="TestSuite" time="17.331" tests="4" errors="0" skipped="1" failures="1">
  <properties>
[...]
</properties>
  <testcase name="LoginErrorValidation" classname="RahulShetty.SeleniumFrameworkDesign_R.ErrorValidationsTest" time="0.569">
    <system-err><![CDATA[SLF4J(W): No SLF4J providers were found.
SLF4J(W): Defaulting to no-operation (NOP) logger implementation
SLF4J(W): See https://www.slf4j.org/codes.html#noProviders for further details.
Apr 03, 2026 11:08:10 PM org.openqa.selenium.devtools.CdpVersionFinder findNearestMatch
WARNING: Unable to find an exact match for CDP version 146, returning the closest version; found: 145; Please update to a Selenium version that supports CDP version 146
Apr 03, 2026 11:08:10 PM org.openqa.selenium.devtools.CdpVersionFinder findNearestMatch
WARNING: Unable to find an exact match for CDP version 146, returning the closest version; found: 145; Please update to a Selenium version that supports CDP version 146
]]></system-err>
  </testcase>
  <testcase name="ProductErrorValidation" classname="RahulShetty.SeleniumFrameworkDesign_R.ErrorValidationsTest" time="3.966">
    <system-out><![CDATA[Cart is empty.
]]></system-out>
  </testcase>
  <testcase name="SubmitOrder" classname="RahulShetty.SeleniumFrameworkDesign_R.SubmitOrderTest" time="0.777">
    <failure message="FAIL: The product &apos;IPHONE 13 PRO&apos; was NOT found in the cart list. expected [true] but found [false]" type="java.lang.AssertionError"><![CDATA[java.lang.AssertionError: FAIL: The product 'IPHONE 13 PRO' was NOT found in the cart list. expected [true] but found [false]
	at org.testng.Assert.fail(Assert.java:111)
	at org.testng.Assert.failNotEquals(Assert.java:1590)
	at org.testng.Assert.assertTrue(Assert.java:57)
	at RahulShetty.SeleniumFrameworkDesign_R.SubmitOrderTest.SubmitOrder(SubmitOrderTest.java:42)
	at java.base/jdk.internal.reflect.DirectMethodHandleAccessor.invoke(DirectMethodHandleAccessor.java:103)
	at java.base/java.lang.reflect.Method.invoke(Method.java:580)
	at org.testng.internal.invokers.MethodInvocationHelper.invokeMethod(MethodInvocationHelper.java:141)
	at org.testng.internal.invokers.TestInvoker.invokeMethod(TestInvoker.java:687)
	at org.testng.internal.invokers.TestInvoker.invokeTestMethod(TestInvoker.java:230)
	at org.testng.internal.invokers.MethodRunner.runInSequence(MethodRunner.java:63)
	at org.testng.internal.invokers.TestInvoker$MethodInvocationAgent.invoke(TestInvoker.java:995)
	at org.testng.internal.invokers.TestInvoker.invokeTestMethods(TestInvoker.java:203)
	at org.testng.internal.invokers.TestMethodWorker.invokeTestMethods(TestMethodWorker.java:154)
	at org.testng.internal.invokers.TestMethodWorker.run(TestMethodWorker.java:134)
	at java.base/java.util.ArrayList.forEach(ArrayList.java:1596)
	at org.testng.TestRunner.privateRun(TestRunner.java:741)
	at org.testng.TestRunner.run(TestRunner.java:616)
	at org.testng.SuiteRunner.runTest(SuiteRunner.java:421)
	at org.testng.SuiteRunner$SuiteWorker.run(SuiteRunner.java:463)
	at org.testng.internal.thread.ThreadUtil.lambda$execute$0(ThreadUtil.java:64)
	at java.base/java.util.concurrent.FutureTask.run(FutureTask.java:317)
	at java.base/java.util.concurrent.ThreadPoolExecutor.runWorker(ThreadPoolExecutor.java:1144)
	at java.base/java.util.concurrent.ThreadPoolExecutor$Worker.run(ThreadPoolExecutor.java:642)
	at java.base/java.lang.Thread.run(Thread.java:1583)
]]></failure>
    <system-out><![CDATA[Cart is empty.
]]></system-out>
    <system-err><![CDATA[Apr 03, 2026 11:08:15 PM org.openqa.selenium.devtools.CdpVersionFinder findNearestMatch
WARNING: Unable to find an exact match for CDP version 146, returning the closest version; found: 145; Please update to a Selenium version that supports CDP version 146
]]></system-err>
  </testcase>
  <testcase name="OrderHistoryTest" classname="RahulShetty.SeleniumFrameworkDesign_R.SubmitOrderTest" time="0.0">
    <skipped message="Method RahulShetty.SeleniumFrameworkDesign_R.SubmitOrderTest.OrderHistoryTest() on instance RahulShetty.SeleniumFrameworkDesign_R.SubmitOrderTest@7bd7d6d6 depends on not successfully finished methods &#10;[RahulShetty.SeleniumFrameworkDesign_R.SubmitOrderTest.SubmitOrder() on instance RahulShetty.SeleniumFrameworkDesign_R.SubmitOrderTest@7bd7d6d6]"/>
  </testcase>
</testsuite>