<?xml version="1.0" encoding="UTF-8"?>
<testng-results retried="1" ignored="0" total="5" passed="4" failed="0" skipped="0">
  <reporter-output>
  </reporter-output>
  <suite started-at="2026-04-03T15:13:49 IST" name="Suite" finished-at="2026-04-03T15:14:56 IST" duration-ms="66752">
    <groups>
      <group name="ErrroHandling">
        <method signature="ErrorValidationsTest.LoginErrorValidation()[pri:0, instance:RahulShetty.SeleniumFrameworkDesign_R.ErrorValidationsTest@9816741]" name="LoginErrorValidation" class="RahulShetty.SeleniumFrameworkDesign_R.ErrorValidationsTest"/>
      </group> <!-- ErrroHandling -->
    </groups>
    <test started-at="2026-04-03T15:13:49 IST" name="Submit Order Test" finished-at="2026-04-03T15:14:50 IST" duration-ms="61299">
      <class name="RahulShetty.SeleniumFrameworkDesign_R.SubmitOrderTest">
        <test-method is-config="true" signature="launchApplication()[pri:0, instance:RahulShetty.SeleniumFrameworkDesign_R.SubmitOrderTest@7bd7d6d6]" started-at="2026-04-03T15:13:49 IST" name="launchApplication" finished-at="2026-04-03T15:14:06 IST" duration-ms="17450" status="PASS">
          <reporter-output>
          </reporter-output>
        </test-method> <!-- launchApplication -->
        <test-method signature="SubmitOrder()[pri:0, instance:RahulShetty.SeleniumFrameworkDesign_R.SubmitOrderTest@7bd7d6d6]" started-at="2026-04-03T15:14:06 IST" name="SubmitOrder" finished-at="2026-04-03T15:14:23 IST" duration-ms="16207" status="PASS">
          <reporter-output>
          </reporter-output>
        </test-method> <!-- SubmitOrder -->
        <test-method is-config="true" signature="tearDown()[pri:0, instance:RahulShetty.SeleniumFrameworkDesign_R.SubmitOrderTest@7bd7d6d6]" started-at="2026-04-03T15:14:23 IST" name="tearDown" finished-at="2026-04-03T15:14:29 IST" duration-ms="6661" status="PASS">
          <reporter-output>
          </reporter-output>
        </test-method> <!-- tearDown -->
        <test-method is-config="true" signature="launchApplication()[pri:0, instance:RahulShetty.SeleniumFrameworkDesign_R.SubmitOrderTest@7bd7d6d6]" started-at="2026-04-03T15:14:29 IST" name="launchApplication" finished-at="2026-04-03T15:14:45 IST" duration-ms="16076" status="PASS">
          <reporter-output>
          </reporter-output>
        </test-method> <!-- launchApplication -->
        <test-method signature="OrderHistoryTest()[pri:0, instance:RahulShetty.SeleniumFrameworkDesign_R.SubmitOrderTest@7bd7d6d6]" started-at="2026-04-03T15:14:45 IST" name="OrderHistoryTest" finished-at="2026-04-03T15:14:47 IST" depends-on-methods="RahulShetty.SeleniumFrameworkDesign_R.SubmitOrderTest.SubmitOrder" duration-ms="1883" status="PASS">
          <reporter-output>
          </reporter-output>
        </test-method> <!-- OrderHistoryTest -->
        <test-method is-config="true" signature="tearDown()[pri:0, instance:RahulShetty.SeleniumFrameworkDesign_R.SubmitOrderTest@7bd7d6d6]" started-at="2026-04-03T15:14:47 IST" name="tearDown" finished-at="2026-04-03T15:14:50 IST" duration-ms="2900" status="PASS">
          <reporter-output>
          </reporter-output>
        </test-method> <!-- tearDown -->
      </class> <!-- RahulShetty.SeleniumFrameworkDesign_R.SubmitOrderTest -->
    </test> <!-- Submit Order Test -->
    <test started-at="2026-04-03T15:13:49 IST" name="ErrorValidation Test" finished-at="2026-04-03T15:14:56 IST" duration-ms="66752">
      <class name="RahulShetty.SeleniumFrameworkDesign_R.ErrorValidationsTest">
        <test-method is-config="true" signature="launchApplication()[pri:0, instance:RahulShetty.SeleniumFrameworkDesign_R.ErrorValidationsTest@9816741]" started-at="2026-04-03T15:13:49 IST" name="launchApplication" finished-at="2026-04-03T15:14:06 IST" duration-ms="17461" status="PASS">
          <reporter-output>
          </reporter-output>
        </test-method> <!-- launchApplication -->
        <test-method retried="true" signature="LoginErrorValidation()[pri:0, instance:RahulShetty.SeleniumFrameworkDesign_R.ErrorValidationsTest@9816741]" started-at="2026-04-03T15:14:06 IST" name="LoginErrorValidation" finished-at="2026-04-03T15:14:10 IST" duration-ms="3177" status="SKIP">
          <exception class="org.openqa.selenium.NoSuchElementException">
            <message>
              <![CDATA[Unable to locate element: [class*='flyInOut']
For documentation on this error, please visit: https://www.selenium.dev/documentation/webdriver/troubleshooting/errors#nosuchelementexception
Build info: version: '4.41.0', revision: '9fc754f'
System info: os.name: 'Windows 10', os.arch: 'amd64', os.version: '10.0', java.version: '21.0.9'
Driver info: org.openqa.selenium.firefox.FirefoxDriver
Command: [0ba97e68-3762-409a-845a-98942e6ecbb3, findElement {value=[class*='flyInOut'], using=css selector}]
Capabilities {acceptInsecureCerts: true, browserName: firefox, browserVersion: 148.0, moz:accessibilityChecks: false, moz:buildID: 20260216153405, moz:geckodriverVersion: 0.36.0, moz:headless: false, moz:platformVersion: 10.0, moz:processID: 28656, moz:profile: C:\Windows\SystemTemp\rust_..., moz:shutdownTimeout: 60000, moz:webdriverClick: true, moz:windowless: false, pageLoadStrategy: normal, platformName: windows, proxy: Proxy(), setWindowRect: true, strictFileInteractability: false, timeouts: {implicit: 0, pageLoad: 300000, script: 30000}, unhandledPromptBehavior: dismiss and notify, userAgent: Mozilla/5.0 (Windows NT 10....}
Session ID: 0ba97e68-3762-409a-845a-98942e6ecbb3]]>
            </message>
            <full-stacktrace>
              <![CDATA[org.openqa.selenium.NoSuchElementException: Unable to locate element: [class*='flyInOut']
For documentation on this error, please visit: https://www.selenium.dev/documentation/webdriver/troubleshooting/errors#nosuchelementexception
Build info: version: '4.41.0', revision: '9fc754f'
System info: os.name: 'Windows 10', os.arch: 'amd64', os.version: '10.0', java.version: '21.0.9'
Driver info: org.openqa.selenium.firefox.FirefoxDriver
Command: [0ba97e68-3762-409a-845a-98942e6ecbb3, findElement {value=[class*='flyInOut'], using=css selector}]
Capabilities {acceptInsecureCerts: true, browserName: firefox, browserVersion: 148.0, moz:accessibilityChecks: false, moz:buildID: 20260216153405, moz:geckodriverVersion: 0.36.0, moz:headless: false, moz:platformVersion: 10.0, moz:processID: 28656, moz:profile: C:\Windows\SystemTemp\rust_..., moz:shutdownTimeout: 60000, moz:webdriverClick: true, moz:windowless: false, pageLoadStrategy: normal, platformName: windows, proxy: Proxy(), setWindowRect: true, strictFileInteractability: false, timeouts: {implicit: 0, pageLoad: 300000, script: 30000}, unhandledPromptBehavior: dismiss and notify, userAgent: Mozilla/5.0 (Windows NT 10....}
Session ID: 0ba97e68-3762-409a-845a-98942e6ecbb3
at org.openqa.selenium.remote.ErrorCodec.decode(ErrorCodec.java:169)
at org.openqa.selenium.remote.codec.w3c.W3CHttpResponseCodec.decode(W3CHttpResponseCodec.java:142)
at org.openqa.selenium.remote.codec.w3c.W3CHttpResponseCodec.decode(W3CHttpResponseCodec.java:49)
at org.openqa.selenium.remote.HttpCommandExecutor.execute(HttpCommandExecutor.java:223)
at org.openqa.selenium.remote.service.DriverCommandExecutor.invokeExecute(DriverCommandExecutor.java:216)
at org.openqa.selenium.remote.service.DriverCommandExecutor.execute(DriverCommandExecutor.java:174)
at org.openqa.selenium.remote.RemoteWebDriver.execute(RemoteWebDriver.java:604)
at org.openqa.selenium.remote.ElementLocation$ElementFinder$2.findElement(ElementLocation.java:166)
at org.openqa.selenium.remote.ElementLocation.findElement(ElementLocation.java:60)
at org.openqa.selenium.remote.RemoteWebDriver.findElement(RemoteWebDriver.java:427)
at org.openqa.selenium.remote.RemoteWebDriver.findElement(RemoteWebDriver.java:421)
at org.openqa.selenium.support.pagefactory.DefaultElementLocator.findElement(DefaultElementLocator.java:68)
at org.openqa.selenium.support.pagefactory.internal.LocatingElementHandler.invoke(LocatingElementHandler.java:38)
at jdk.proxy2/jdk.proxy2.$Proxy11.getText(Unknown Source)
at PageObjectclass.LonginPage.getErrorMessage(LonginPage.java:58)
at RahulShetty.SeleniumFrameworkDesign_R.ErrorValidationsTest.LoginErrorValidation(ErrorValidationsTest.java:33)
at java.base/jdk.internal.reflect.DirectMethodHandleAccessor.invoke(DirectMethodHandleAccessor.java:103)
at java.base/java.lang.reflect.Method.invoke(Method.java:580)
at org.testng.internal.invokers.MethodInvocationHelper.invokeMethod(MethodInvocationHelper.java:141)
at org.testng.internal.invokers.TestInvoker.invokeMethod(TestInvoker.java:687)
at org.testng.internal.invokers.TestInvoker.invokeTestMethod(TestInvoker.java:230)
at org.testng.internal.invokers.MethodRunner.runInSequence(MethodRunner.java:63)
at org.testng.internal.invokers.TestInvoker$MethodInvocationAgent.invoke(TestInvoker.java:995)
at org.testng.internal.invokers.TestInvoker.invokeTestMethods(TestInvoker.java:203)
at org.testng.internal.invokers.TestMethodWorker.invokeTestMethods(TestMethodWorker.java:154)
at org.testng.internal.invokers.TestMethodWorker.run(TestMethodWorker.java:134)
at java.base/java.util.ArrayList.forEach(ArrayList.java:1596)
at org.testng.TestRunner.privateRun(TestRunner.java:741)
at org.testng.TestRunner.run(TestRunner.java:616)
at org.testng.SuiteRunner.runTest(SuiteRunner.java:421)
at org.testng.SuiteRunner$SuiteWorker.run(SuiteRunner.java:463)
at org.testng.internal.thread.ThreadUtil.lambda$execute$0(ThreadUtil.java:64)
at java.base/java.util.concurrent.FutureTask.run(FutureTask.java:317)
at java.base/java.util.concurrent.ThreadPoolExecutor.runWorker(ThreadPoolExecutor.java:1144)
at java.base/java.util.concurrent.ThreadPoolExecutor$Worker.run(ThreadPoolExecutor.java:642)
at java.base/java.lang.Thread.run(Thread.java:1583)
]]>
            </full-stacktrace>
          </exception> <!-- org.openqa.selenium.NoSuchElementException -->
          <reporter-output>
          </reporter-output>
        </test-method> <!-- LoginErrorValidation -->
        <test-method is-config="true" signature="tearDown()[pri:0, instance:RahulShetty.SeleniumFrameworkDesign_R.ErrorValidationsTest@9816741]" started-at="2026-04-03T15:14:10 IST" name="tearDown" finished-at="2026-04-03T15:14:15 IST" duration-ms="5379" status="PASS">
          <reporter-output>
          </reporter-output>
        </test-method> <!-- tearDown -->
        <test-method is-config="true" signature="launchApplication()[pri:0, instance:RahulShetty.SeleniumFrameworkDesign_R.ErrorValidationsTest@9816741]" started-at="2026-04-03T15:14:15 IST" name="launchApplication" finished-at="2026-04-03T15:14:31 IST" duration-ms="16406" status="PASS">
          <reporter-output>
          </reporter-output>
        </test-method> <!-- launchApplication -->
        <test-method signature="LoginErrorValidation()[pri:0, instance:RahulShetty.SeleniumFrameworkDesign_R.ErrorValidationsTest@9816741]" started-at="2026-04-03T15:14:31 IST" name="LoginErrorValidation" finished-at="2026-04-03T15:14:32 IST" duration-ms="728" status="PASS">
          <reporter-output>
          </reporter-output>
        </test-method> <!-- LoginErrorValidation -->
        <test-method is-config="true" signature="tearDown()[pri:0, instance:RahulShetty.SeleniumFrameworkDesign_R.ErrorValidationsTest@9816741]" started-at="2026-04-03T15:14:32 IST" name="tearDown" finished-at="2026-04-03T15:14:38 IST" duration-ms="5754" status="PASS">
          <reporter-output>
          </reporter-output>
        </test-method> <!-- tearDown -->
        <test-method is-config="true" signature="launchApplication()[pri:0, instance:RahulShetty.SeleniumFrameworkDesign_R.ErrorValidationsTest@9816741]" started-at="2026-04-03T15:14:38 IST" name="launchApplication" finished-at="2026-04-03T15:14:47 IST" duration-ms="8754" status="PASS">
          <reporter-output>
          </reporter-output>
        </test-method> <!-- launchApplication -->
        <test-method signature="ProductErrorValidation()[pri:0, instance:RahulShetty.SeleniumFrameworkDesign_R.ErrorValidationsTest@9816741]" started-at="2026-04-03T15:14:47 IST" name="ProductErrorValidation" finished-at="2026-04-03T15:14:52 IST" duration-ms="4886" status="PASS">
          <reporter-output>
          </reporter-output>
        </test-method> <!-- ProductErrorValidation -->
        <test-method is-config="true" signature="tearDown()[pri:0, instance:RahulShetty.SeleniumFrameworkDesign_R.ErrorValidationsTest@9816741]" started-at="2026-04-03T15:14:52 IST" name="tearDown" finished-at="2026-04-03T15:14:56 IST" duration-ms="4140" status="PASS">
          <reporter-output>
          </reporter-output>
        </test-method> <!-- tearDown -->
      </class> <!-- RahulShetty.SeleniumFrameworkDesign_R.ErrorValidationsTest -->
    </test> <!-- ErrorValidation Test -->
  </suite> <!-- Suite -->
</testng-results>
