<?xml version="1.0" encoding="UTF-8"?>
<testng-results ignored="0" total="4" passed="4" failed="0" skipped="0">
  <reporter-output>
  </reporter-output>
  <suite started-at="2026-04-04T10:59:24 IST" name="Suite" finished-at="2026-04-04T10:59:45 IST" duration-ms="20939">
    <groups>
      <group name="ErrroHandling">
        <method signature="ErrorValidationsTest.LoginErrorValidation()[pri:0, instance:RahulShetty.SeleniumFrameworkDesign_R.ErrorValidationsTest@28b46423]" name="LoginErrorValidation" class="RahulShetty.SeleniumFrameworkDesign_R.ErrorValidationsTest"/>
      </group> <!-- ErrroHandling -->
    </groups>
    <test started-at="2026-04-04T10:59:24 IST" name="ErrorValidation Test" finished-at="2026-04-04T10:59:42 IST" duration-ms="17994">
      <class name="RahulShetty.SeleniumFrameworkDesign_R.ErrorValidationsTest">
        <test-method is-config="true" signature="launchApplication()[pri:0, instance:RahulShetty.SeleniumFrameworkDesign_R.ErrorValidationsTest@28b46423]" started-at="2026-04-04T10:59:24 IST" name="launchApplication" finished-at="2026-04-04T10:59:30 IST" duration-ms="6253" status="PASS">
          <reporter-output>
          </reporter-output>
        </test-method> <!-- launchApplication -->
        <test-method signature="LoginErrorValidation()[pri:0, instance:RahulShetty.SeleniumFrameworkDesign_R.ErrorValidationsTest@28b46423]" started-at="2026-04-04T10:59:30 IST" name="LoginErrorValidation" finished-at="2026-04-04T10:59:31 IST" duration-ms="1012" status="PASS">
          <reporter-output>
          </reporter-output>
        </test-method> <!-- LoginErrorValidation -->
        <test-method is-config="true" signature="tearDown()[pri:0, instance:RahulShetty.SeleniumFrameworkDesign_R.ErrorValidationsTest@28b46423]" started-at="2026-04-04T10:59:31 IST" name="tearDown" finished-at="2026-04-04T10:59:31 IST" duration-ms="300" status="PASS">
          <reporter-output>
          </reporter-output>
        </test-method> <!-- tearDown -->
        <test-method is-config="true" signature="launchApplication()[pri:0, instance:RahulShetty.SeleniumFrameworkDesign_R.ErrorValidationsTest@28b46423]" started-at="2026-04-04T10:59:31 IST" name="launchApplication" finished-at="2026-04-04T10:59:36 IST" duration-ms="4361" status="PASS">
          <reporter-output>
          </reporter-output>
        </test-method> <!-- launchApplication -->
        <test-method signature="ProductErrorValidation()[pri:0, instance:RahulShetty.SeleniumFrameworkDesign_R.ErrorValidationsTest@28b46423]" started-at="2026-04-04T10:59:36 IST" name="ProductErrorValidation" finished-at="2026-04-04T10:59:40 IST" duration-ms="4184" status="PASS">
          <reporter-output>
          </reporter-output>
        </test-method> <!-- ProductErrorValidation -->
        <test-method is-config="true" signature="tearDown()[pri:0, instance:RahulShetty.SeleniumFrameworkDesign_R.ErrorValidationsTest@28b46423]" started-at="2026-04-04T10:59:40 IST" name="tearDown" finished-at="2026-04-04T10:59:42 IST" duration-ms="1833" status="PASS">
          <reporter-output>
          </reporter-output>
        </test-method> <!-- tearDown -->
      </class> <!-- RahulShetty.SeleniumFrameworkDesign_R.ErrorValidationsTest -->
    </test> <!-- ErrorValidation Test -->
    <test started-at="2026-04-04T10:59:24 IST" name="Submit Order Test" finished-at="2026-04-04T10:59:45 IST" duration-ms="20939">
      <class name="RahulShetty.SeleniumFrameworkDesign_R.SubmitOrderTest">
        <test-method is-config="true" signature="launchApplication()[pri:0, instance:RahulShetty.SeleniumFrameworkDesign_R.SubmitOrderTest@456d6c1e]" started-at="2026-04-04T10:59:24 IST" name="launchApplication" finished-at="2026-04-04T10:59:30 IST" duration-ms="6127" status="PASS">
          <reporter-output>
          </reporter-output>
        </test-method> <!-- launchApplication -->
        <test-method signature="SubmitOrder()[pri:0, instance:RahulShetty.SeleniumFrameworkDesign_R.SubmitOrderTest@456d6c1e]" started-at="2026-04-04T10:59:30 IST" name="SubmitOrder" finished-at="2026-04-04T10:59:37 IST" duration-ms="7173" status="PASS">
          <reporter-output>
          </reporter-output>
        </test-method> <!-- SubmitOrder -->
        <test-method is-config="true" signature="tearDown()[pri:0, instance:RahulShetty.SeleniumFrameworkDesign_R.SubmitOrderTest@456d6c1e]" started-at="2026-04-04T10:59:37 IST" name="tearDown" finished-at="2026-04-04T10:59:37 IST" duration-ms="410" status="PASS">
          <reporter-output>
          </reporter-output>
        </test-method> <!-- tearDown -->
        <test-method is-config="true" signature="launchApplication()[pri:0, instance:RahulShetty.SeleniumFrameworkDesign_R.SubmitOrderTest@456d6c1e]" started-at="2026-04-04T10:59:37 IST" name="launchApplication" finished-at="2026-04-04T10:59:42 IST" duration-ms="4597" status="PASS">
          <reporter-output>
          </reporter-output>
        </test-method> <!-- launchApplication -->
        <test-method signature="OrderHistoryTest()[pri:0, instance:RahulShetty.SeleniumFrameworkDesign_R.SubmitOrderTest@456d6c1e]" started-at="2026-04-04T10:59:42 IST" name="OrderHistoryTest" finished-at="2026-04-04T10:59:44 IST" depends-on-methods="RahulShetty.SeleniumFrameworkDesign_R.SubmitOrderTest.SubmitOrder" duration-ms="2291" status="PASS">
          <reporter-output>
          </reporter-output>
        </test-method> <!-- OrderHistoryTest -->
        <test-method is-config="true" signature="tearDown()[pri:0, instance:RahulShetty.SeleniumFrameworkDesign_R.SubmitOrderTest@456d6c1e]" started-at="2026-04-04T10:59:44 IST" name="tearDown" finished-at="2026-04-04T10:59:45 IST" duration-ms="289" status="PASS">
          <reporter-output>
          </reporter-output>
        </test-method> <!-- tearDown -->
      </class> <!-- RahulShetty.SeleniumFrameworkDesign_R.SubmitOrderTest -->
    </test> <!-- Submit Order Test -->
  </suite> <!-- Suite -->
</testng-results>
