<?xml version="1.0" encoding="UTF-8"?>
<!-- Generated by org.testng.reporters.JUnitReportReporter -->
<testsuite hostname="DESKTOP-FSJVB1G" failures="0" tests="2" name="RahulShetty.SeleniumFrameworkDesign_R.SubmitOrderTest" time="20.850" errors="0" timestamp="2026-04-03T19:12:35 IST" skipped="0">
  <testcase classname="RahulShetty.SeleniumFrameworkDesign_R.SubmitOrderTest" name="SubmitOrder" time="15.428"/>
  <testcase classname="RahulShetty.SeleniumFrameworkDesign_R.SubmitOrderTest" name="OrderHistoryTest" time="5.422"/>
</testsuite> <!-- RahulShetty.SeleniumFrameworkDesign_R.SubmitOrderTest -->
