<?xml version="1.0" encoding="UTF-8"?>
<!-- Generated by org.testng.reporters.JUnitReportReporter -->
<testsuite hostname="DESKTOP-FSJVB1G" failures="0" tests="4" name="RahulShetty.SeleniumFrameworkDesign_R.SubmitOrderTest3" time="40.337" errors="0" timestamp="2026-04-05T12:49:40 IST" skipped="0">
  <testcase classname="RahulShetty.SeleniumFrameworkDesign_R.SubmitOrderTest3" name="submitOrder" time="10.923"/>
  <testcase classname="RahulShetty.SeleniumFrameworkDesign_R.SubmitOrderTest3" name="orderHistoryTest" time="5.974"/>
  <testcase classname="RahulShetty.SeleniumFrameworkDesign_R.SubmitOrderTest3" name="submitOrder" time="11.368"/>
  <testcase classname="RahulShetty.SeleniumFrameworkDesign_R.SubmitOrderTest3" name="orderHistoryTest" time="12.072"/>
</testsuite> <!-- RahulShetty.SeleniumFrameworkDesign_R.SubmitOrderTest3 -->
