<?xml version="1.0" encoding="UTF-8"?>
<!-- Generated by org.testng.reporters.JUnitReportReporter -->
<testsuite hostname="DESKTOP-FSJVB1G" failures="0" tests="2" name="RahulShetty.SeleniumFrameworkDesign_R.SubmitOrderTest4" time="28.464" errors="0" timestamp="2026-03-26T13:58:29 IST" skipped="0">
  <testcase classname="RahulShetty.SeleniumFrameworkDesign_R.SubmitOrderTest4" name="SubmitOrder" time="15.696"/>
  <testcase classname="RahulShetty.SeleniumFrameworkDesign_R.SubmitOrderTest4" name="SubmitOrder" time="12.768"/>
</testsuite> <!-- RahulShetty.SeleniumFrameworkDesign_R.SubmitOrderTest4 -->
