<?xml version="1.0" encoding="UTF-8"?>
<!-- Generated by org.testng.reporters.JUnitReportReporter -->
<testsuite hostname="DESKTOP-FSJVB1G" failures="0" tests="2" name="RahulShetty.SeleniumFrameworkDesign_R.SubmitOrderTest3" time="26.518" errors="0" timestamp="2026-03-26T13:57:44 IST" skipped="0">
  <testcase classname="RahulShetty.SeleniumFrameworkDesign_R.SubmitOrderTest3" name="SubmitOrder" time="13.193"/>
  <testcase classname="RahulShetty.SeleniumFrameworkDesign_R.SubmitOrderTest3" name="SubmitOrder" time="13.325"/>
</testsuite> <!-- RahulShetty.SeleniumFrameworkDesign_R.SubmitOrderTest3 -->
