<?xml version="1.0" encoding="UTF-8"?>
<!-- Generated by org.testng.reporters.JUnitReportReporter -->
<testsuite hostname="DESKTOP-FSJVB1G" failures="0" tests="2" name="RahulShetty.SeleniumFrameworkDesign_R.SubmitOrderTest" time="24.530" errors="0" timestamp="2026-04-03T18:50:14 IST" skipped="0">
  <testcase classname="RahulShetty.SeleniumFrameworkDesign_R.SubmitOrderTest" name="SubmitOrder" time="17.011"/>
  <testcase classname="RahulShetty.SeleniumFrameworkDesign_R.SubmitOrderTest" name="OrderHistoryTest" time="7.519"/>
</testsuite> <!-- RahulShetty.SeleniumFrameworkDesign_R.SubmitOrderTest -->
