<?xml version="1.0" encoding="UTF-8"?>
<!-- Generated by org.testng.reporters.JUnitReportReporter -->
<testsuite hostname="DESKTOP-FSJVB1G" failures="0" tests="2" name="RahulShetty.SeleniumFrameworkDesign_R.SubmitOrderTest2" time="22.483" errors="0" timestamp="2026-04-05T12:57:58 IST" skipped="0">
  <testcase classname="RahulShetty.SeleniumFrameworkDesign_R.SubmitOrderTest2" name="submitOrder" time="11.367"/>
  <testcase classname="RahulShetty.SeleniumFrameworkDesign_R.SubmitOrderTest2" name="submitOrder" time="11.116"/>
</testsuite> <!-- RahulShetty.SeleniumFrameworkDesign_R.SubmitOrderTest2 -->
