<?xml version="1.0" encoding="UTF-8"?>
<!-- Generated by org.testng.reporters.JUnitReportReporter -->
<testsuite hostname="DESKTOP-FSJVB1G" failures="0" tests="2" name="RahulShetty.SeleniumFrameworkDesign_R.SubmitOrderTest2" time="30.276" errors="0" timestamp="2026-04-01T11:05:15 IST" skipped="0">
  <testcase classname="RahulShetty.SeleniumFrameworkDesign_R.SubmitOrderTest2" name="SubmitOrder" time="14.528"/>
  <testcase classname="RahulShetty.SeleniumFrameworkDesign_R.SubmitOrderTest2" name="SubmitOrder" time="15.748"/>
</testsuite> <!-- RahulShetty.SeleniumFrameworkDesign_R.SubmitOrderTest2 -->
