<?xml version="1.0" encoding="UTF-8"?>
<!-- Generated by org.testng.reporters.JUnitReportReporter -->
<testsuite hostname="DESKTOP-FSJVB1G" failures="0" tests="2" name="RahulShetty.SeleniumFrameworkDesign_R.SubmitOrderTest4" time="22.501" errors="0" timestamp="2026-04-05T12:56:00 IST" skipped="0">
  <testcase classname="RahulShetty.SeleniumFrameworkDesign_R.SubmitOrderTest4" name="submitOrder" time="11.463"/>
  <testcase classname="RahulShetty.SeleniumFrameworkDesign_R.SubmitOrderTest4" name="submitOrder" time="11.038"/>
</testsuite> <!-- RahulShetty.SeleniumFrameworkDesign_R.SubmitOrderTest4 -->
