<?xml version="1.0" encoding="UTF-8"?>
<!-- Generated by org.testng.reporters.JUnitReportReporter -->
<testsuite hostname="DESKTOP-FSJVB1G" failures="1" tests="3" name="RahulShetty.SeleniumFrameworkDesign_R.ErrorValidationsTest" time="21.574" errors="0" timestamp="2026-04-06T16:36:06 IST" skipped="1">
  <testcase classname="RahulShetty.SeleniumFrameworkDesign_R.ErrorValidationsTest" name="loginErrorValidation" time="6.266">
    <failure message="FAIL: Login error message did not match. expected [Incorrect email  password.] but found [Incorrect email or password.]" type="java.lang.AssertionError">
      <![CDATA[java.lang.AssertionError: FAIL: Login error message did not match. expected [Incorrect email  password.] but found [Incorrect email or password.]
at org.testng.Assert.fail(Assert.java:111)
at org.testng.Assert.failNotEquals(Assert.java:1578)
at org.testng.Assert.assertEqualsImpl(Assert.java:150)
at org.testng.Assert.assertEquals(Assert.java:132)
at org.testng.Assert.assertEquals(Assert.java:656)
at RahulShetty.SeleniumFrameworkDesign_R.ErrorValidationsTest.loginErrorValidation(ErrorValidationsTest.java:22)
at java.base/jdk.internal.reflect.DirectMethodHandleAccessor.invoke(DirectMethodHandleAccessor.java:103)
at java.base/java.lang.reflect.Method.invoke(Method.java:580)
at org.testng.internal.invokers.MethodInvocationHelper.invokeMethod(MethodInvocationHelper.java:139)
at org.testng.internal.invokers.TestInvoker.invokeMethod(TestInvoker.java:664)
at org.testng.internal.invokers.TestInvoker.retryFailed(TestInvoker.java:249)
at org.testng.internal.invokers.MethodRunner.runInSequence(MethodRunner.java:76)
at org.testng.internal.invokers.TestInvoker$MethodInvocationAgent.invoke(TestInvoker.java:961)
at org.testng.internal.invokers.TestInvoker.invokeTestMethods(TestInvoker.java:201)
at org.testng.internal.invokers.TestMethodWorker.invokeTestMethods(TestMethodWorker.java:148)
at org.testng.internal.invokers.TestMethodWorker.run(TestMethodWorker.java:128)
at java.base/java.util.ArrayList.forEach(ArrayList.java:1596)
at org.testng.TestRunner.privateRun(TestRunner.java:819)
at org.testng.TestRunner.run(TestRunner.java:619)
at org.testng.SuiteRunner.runTest(SuiteRunner.java:443)
at org.testng.SuiteRunner.runSequentially(SuiteRunner.java:437)
at org.testng.SuiteRunner.privateRun(SuiteRunner.java:397)
at org.testng.SuiteRunner.run(SuiteRunner.java:336)
at org.testng.SuiteRunnerWorker.runSuite(SuiteRunnerWorker.java:52)
at org.testng.SuiteRunnerWorker.run(SuiteRunnerWorker.java:95)
at org.testng.TestNG.runSuitesSequentially(TestNG.java:1301)
at org.testng.TestNG.runSuitesLocally(TestNG.java:1228)
at org.testng.TestNG.runSuites(TestNG.java:1134)
at org.testng.TestNG.run(TestNG.java:1101)
at org.testng.remote.AbstractRemoteTestNG.run(AbstractRemoteTestNG.java:115)
at org.testng.remote.RemoteTestNG.initAndRun(RemoteTestNG.java:293)
at org.testng.remote.RemoteTestNG.main(RemoteTestNG.java:91)
]]>
    </failure>
  </testcase> <!-- loginErrorValidation -->
  <testcase classname="RahulShetty.SeleniumFrameworkDesign_R.ErrorValidationsTest" name="productErrorValidation" time="9.099"/>
  <testcase classname="RahulShetty.SeleniumFrameworkDesign_R.ErrorValidationsTest" name="loginErrorValidation" time="6.209">
    <skipped/>
  </testcase> <!-- loginErrorValidation -->
</testsuite> <!-- RahulShetty.SeleniumFrameworkDesign_R.ErrorValidationsTest -->
