<?xml version="1.0" encoding="UTF-8"?>
<!-- Generated by org.testng.reporters.JUnitReportReporter -->
<testsuite hostname="DESKTOP-FSJVB1G" failures="0" tests="2" name="RahulShetty.SeleniumFrameworkDesign_R.ErrorValidationsTest" time="17.204" errors="0" timestamp="2026-04-03T18:50:14 IST" skipped="0">
  <testcase classname="RahulShetty.SeleniumFrameworkDesign_R.ErrorValidationsTest" name="ProductErrorValidation" time="8.039"/>
  <testcase classname="RahulShetty.SeleniumFrameworkDesign_R.ErrorValidationsTest" name="LoginErrorValidation" time="9.165"/>
</testsuite> <!-- RahulShetty.SeleniumFrameworkDesign_R.ErrorValidationsTest -->
