<?xml version="1.0" encoding="UTF-8"?>
<!-- Generated by org.testng.reporters.JUnitReportReporter -->
<testsuite hostname="DESKTOP-FSJVB1G" failures="0" tests="2" name="RahulShetty.SeleniumFrameworkDesign_R.ErrorValidationsTest" time="16.512" errors="0" timestamp="2026-04-03T23:08:24 IST" skipped="0">
  <testcase classname="RahulShetty.SeleniumFrameworkDesign_R.ErrorValidationsTest" name="ProductErrorValidation" time="9.242"/>
  <testcase classname="RahulShetty.SeleniumFrameworkDesign_R.ErrorValidationsTest" name="LoginErrorValidation" time="7.270"/>
</testsuite> <!-- RahulShetty.SeleniumFrameworkDesign_R.ErrorValidationsTest -->
