<?xml version="1.0" encoding="UTF-8"?>
<!-- Generated by org.testng.reporters.JUnitReportReporter -->
<testsuite hostname="DESKTOP-FSJVB1G" failures="0" tests="3" name="RahulShetty.SeleniumFrameworkDesign_R.ErrorValidationsTest" time="66.685" errors="0" timestamp="2026-04-03T15:14:56 IST" skipped="1">
  <testcase classname="RahulShetty.SeleniumFrameworkDesign_R.ErrorValidationsTest" name="LoginErrorValidation" time="21.274"/>
  <testcase classname="RahulShetty.SeleniumFrameworkDesign_R.ErrorValidationsTest" name="ProductErrorValidation" time="19.019"/>
  <testcase classname="RahulShetty.SeleniumFrameworkDesign_R.ErrorValidationsTest" name="LoginErrorValidation" time="26.392">
    <skipped/>
  </testcase> <!-- LoginErrorValidation -->
</testsuite> <!-- RahulShetty.SeleniumFrameworkDesign_R.ErrorValidationsTest -->
