<?xml version="1.0" encoding="UTF-8"?>
<!-- Generated by org.testng.reporters.JUnitReportReporter -->
<testsuite hostname="DESKTOP-FSJVB1G" failures="0" tests="2" name="RahulShetty.SeleniumFrameworkDesign_R.SubmitOrderTest" time="30.110" errors="0" timestamp="2026-03-28T13:27:30 IST" skipped="0">
  <testcase classname="RahulShetty.SeleniumFrameworkDesign_R.SubmitOrderTest" name="OrderHistoryTest" time="12.035"/>
  <testcase classname="RahulShetty.SeleniumFrameworkDesign_R.SubmitOrderTest" name="SubmitOrder" time="18.075"/>
</testsuite> <!-- RahulShetty.SeleniumFrameworkDesign_R.SubmitOrderTest -->
